<?xml version="1.0" encoding="utf-8"?><testsuites name="pytest tests"><testsuite name="pytest" errors="0" failures="0" skipped="2" tests="42" time="6.897" timestamp="2026-04-16T22:40:57.687767-07:00" hostname="Jacks-MacBook-Air-3.local"><testcase classname="tests.test_data" name="test_get_batch" time="0.101" /><testcase classname="tests.test_model" name="test_linear" time="0.057" /><testcase classname="tests.test_model" name="test_embedding" time="0.015" /><testcase classname="tests.test_model" name="test_ffn" time="0.005" /><testcase classname="tests.test_model" name="test_scaled_dot_product_attention" time="0.013" /><testcase classname="tests.test_model" name="test_4d_scaled_dot_product_attention" time="0.646" /><testcase classname="tests.test_model" name="test_multihead_self_attention" time="0.016" /><testcase classname="tests.test_model" name="test_transformer_lm" time="0.035" /><testcase classname="tests.test_model" name="test_transformer_lm_truncated_input" time="0.023" /><testcase classname="tests.test_model" name="test_transformer_block" time="0.006" /><testcase classname="tests.test_model" name="test_layernorm" time="0.001" /><testcase classname="tests.test_model" name="test_sinusoidal_pe" time="0.001" /><testcase classname="tests.test_nn_utils" name="test_softmax_matches_pytorch" time="0.001" /><testcase classname="tests.test_nn_utils" name="test_cross_entropy" time="0.005" /><testcase classname="tests.test_tokenizer" name="test_roundtrip_empty" time="0.083" /><testcase classname="tests.test_tokenizer" name="test_empty_matches_tiktoken" time="0.199" /><testcase classname="tests.test_tokenizer" name="test_roundtrip_single_character" time="0.073" /><testcase classname="tests.test_tokenizer" name="test_single_character_matches_tiktoken" time="0.073" /><testcase classname="tests.test_tokenizer" name="test_roundtrip_single_unicode_character" time="0.073" /><testcase classname="tests.test_tokenizer" name="test_single_unicode_character_matches_tiktoken" time="0.073" /><testcase classname="tests.test_tokenizer" name="test_roundtrip_ascii_string" time="0.074" /><testcase classname="tests.test_tokenizer" name="test_ascii_string_matches_tiktoken" time="0.072" /><testcase classname="tests.test_tokenizer" name="test_roundtrip_unicode_string" time="0.072" /><testcase classname="tests.test_tokenizer" name="test_unicode_string_matches_tiktoken" time="0.073" /><testcase classname="tests.test_tokenizer" name="test_roundtrip_unicode_string_with_special_tokens" time="0.073" /><testcase classname="tests.test_tokenizer" name="test_unicode_string_with_special_tokens_matches_tiktoken" time="0.072" /><testcase classname="tests.test_tokenizer" name="test_overlapping_special_tokens" time="0.073" /><testcase classname="tests.test_tokenizer" name="test_address_roundtrip" time="0.072" /><testcase classname="tests.test_tokenizer" name="test_address_matches_tiktoken" time="0.074" /><testcase classname="tests.test_tokenizer" name="test_german_roundtrip" time="0.073" /><testcase classname="tests.test_tokenizer" name="test_german_matches_tiktoken" time="0.072" /><testcase classname="tests.test_tokenizer" name="test_tinystories_sample_roundtrip" time="0.075" /><testcase classname="tests.test_tokenizer" name="test_tinystories_matches_tiktoken" time="0.247" /><testcase classname="tests.test_tokenizer" name="test_encode_special_token_trailing_newlines" time="0.089" /><testcase classname="tests.test_tokenizer" name="test_encode_special_token_double_newline_non_whitespace" time="0.072" /><testcase classname="tests.test_tokenizer" name="test_encode_iterable_tinystories_sample_roundtrip" time="0.075" /><testcase classname="tests.test_tokenizer" name="test_encode_iterable_tinystories_matches_tiktoken" time="0.073" /><testcase classname="tests.test_tokenizer" name="test_encode_iterable_memory_usage" time="0.000"><skipped type="pytest.skip" message="rlimit support for non-linux systems is spotty.">/Users/jackmyles/Documents/Caltech/CS148b-DeepLearning/hw1/tests/test_tokenizer.py:416: rlimit support for non-linux systems is spotty.</skipped></testcase><testcase classname="tests.test_tokenizer" name="test_encode_memory_usage" time="0.000"><skipped type="pytest.skip" message="rlimit support for non-linux systems is spotty.">/Users/jackmyles/Documents/Caltech/CS148b-DeepLearning/hw1/tests/test_tokenizer.py:431: rlimit support for non-linux systems is spotty.</skipped></testcase><testcase classname="tests.test_train_bpe" name="test_train_bpe_speed" time="0.475" /><testcase classname="tests.test_train_bpe" name="test_train_bpe" time="0.480" /><testcase classname="tests.test_train_bpe" name="test_train_bpe_special_tokens" time="2.747" /></testsuite></testsuites>